2022-08-08 19:24:00:215 [Appium] Welcome to Appium v1.22.3
2022-08-08 19:24:00:216 [Appium] Non-default server args:
2022-08-08 19:24:00:216 [Appium]   port: 4725
2022-08-08 19:24:00:217 [Appium]   logFile: ./appium_log.log
2022-08-08 19:24:00:217 [Appium]   debugLogSpacing: true
2022-08-08 19:24:00:283 [Appium] Appium REST http interface listener started on 0.0.0.0:4725
2022-08-08 19:24:00:983 [HTTP] Request idempotency key: 0502a231-2c2b-4ff0-a212-35130e367660
2022-08-08 19:24:01:000 [HTTP] --> POST /wd/hub/session
2022-08-08 19:24:01:000 [HTTP] {"desiredCapabilities":{"appActivity":"ConversationListActivityGmail","appPackage":"com.google.android.gm","noReset":"true","newCommandTimeout":"10000","automationName":"UIAutomator2","platformName":"Android","udid":"98897a304a4c415157"},"capabilities":{"firstMatch":[{"appium:appActivity":"ConversationListActivityGmail","appium:appPackage":"com.google.android.gm","appium:automationName":"UIAutomator2","appium:newCommandTimeout":"10000","appium:noReset":"true","platformName":"android","appium:udid":"98897a304a4c415157"}]}}
2022-08-08 19:24:01:002 [W3C] Calling AppiumDriver.createSession() with args: [{"appActivity":"ConversationListActivityGmail","appPackage":"com.google.android.gm","noReset":"true","newCommandTimeout":"10000","automationName":"UIAutomator2","platformName":"Android","udid":"98897a304a4c415157"},null,{"firstMatch":[{"appium:appActivity":"ConversationListActivityGmail","appium:appPackage":"com.google.android.gm","appium:automationName":"UIAutomator2","appium:newCommandTimeout":"10000","appium:noReset":"true","platformName":"android","appium:udid":"98897a304a4c415157"}]}]
2022-08-08 19:24:01:004 [BaseDriver] Event 'newSessionRequested' logged at 1659986641002 (22:24:01 GMT+0300 (Moscow Standard Time))
2022-08-08 19:24:01:011 [BaseDriver] Number capability passed in as string. Functionality may be compromised.
2022-08-08 19:24:01:230 [Appium] Appium v1.22.3 creating new AndroidUiautomator2Driver (v1.70.1) session
2022-08-08 19:24:01:233 [BaseDriver] W3C capabilities and MJSONWP desired capabilities were provided
2022-08-08 19:24:01:233 [BaseDriver] Creating session with W3C capabilities: {
2022-08-08 19:24:01:233 [BaseDriver]   "alwaysMatch": {
2022-08-08 19:24:01:233 [BaseDriver]     "platformName": "android",
2022-08-08 19:24:01:233 [BaseDriver]     "appium:appActivity": "ConversationListActivityGmail",
2022-08-08 19:24:01:233 [BaseDriver]     "appium:appPackage": "com.google.android.gm",
2022-08-08 19:24:01:234 [BaseDriver]     "appium:automationName": "UIAutomator2",
2022-08-08 19:24:01:234 [BaseDriver]     "appium:newCommandTimeout": "10000",
2022-08-08 19:24:01:234 [BaseDriver]     "appium:noReset": "true",
2022-08-08 19:24:01:234 [BaseDriver]     "appium:udid": "98897a304a4c415157"
2022-08-08 19:24:01:234 [BaseDriver]   },
2022-08-08 19:24:01:234 [BaseDriver]   "firstMatch": [
2022-08-08 19:24:01:234 [BaseDriver]     {}
2022-08-08 19:24:01:234 [BaseDriver]   ]
2022-08-08 19:24:01:234 [BaseDriver] }
2022-08-08 19:24:01:236 [BaseDriver] Number capability passed in as string. Functionality may be compromised.
2022-08-08 19:24:01:238 [BaseDriver] Capability 'noReset' changed from string to boolean. This may cause unexpected behavior
2022-08-08 19:24:01:238 [BaseDriver] Capability 'newCommandTimeout' changed from string ('10000') to integer (10000). This may cause unexpected behavior
2022-08-08 19:24:01:240 [BaseDriver] Session created with session id: cfdbcc46-ad1b-4485-adca-230e78d6e942
2022-08-08 19:24:01:240 [UiAutomator2] Starting 'com.google.android.gm' directly on the device
2022-08-08 19:24:01:246 [ADB] Found 1 'build-tools' folders under '/Users/testadmin/Library/Android/sdk' (newest first):
2022-08-08 19:24:01:246 [ADB]     /Users/testadmin/Library/Android/sdk/build-tools/32.0.0
2022-08-08 19:24:01:248 [ADB] Using 'adb' from '/Users/testadmin/Library/Android/sdk/platform-tools/adb'
2022-08-08 19:24:01:248 [ADB] Running '/Users/testadmin/Library/Android/sdk/platform-tools/adb -P 5037 start-server'
2022-08-08 19:24:01:568 [AndroidDriver] Retrieving device list
2022-08-08 19:24:01:568 [ADB] Trying to find a connected android device
2022-08-08 19:24:01:569 [ADB] Getting connected devices
2022-08-08 19:24:01:583 [ADB] Connected devices: [{"udid":"98897a304a4c415157","state":"device"}]
2022-08-08 19:24:01:584 [AndroidDriver] Using device: 98897a304a4c415157
2022-08-08 19:24:01:590 [ADB] Using 'adb' from '/Users/testadmin/Library/Android/sdk/platform-tools/adb'
2022-08-08 19:24:01:591 [ADB] Running '/Users/testadmin/Library/Android/sdk/platform-tools/adb -P 5037 start-server'
2022-08-08 19:24:01:608 [ADB] Setting device id to 98897a304a4c415157
2022-08-08 19:24:01:608 [ADB] Running '/Users/testadmin/Library/Android/sdk/platform-tools/adb -P 5037 -s 98897a304a4c415157 shell getprop ro.build.version.sdk'
2022-08-08 19:24:01:681 [ADB] Current device property 'ro.build.version.sdk': 28
2022-08-08 19:24:01:682 [ADB] Getting device platform version
2022-08-08 19:24:01:682 [ADB] Running '/Users/testadmin/Library/Android/sdk/platform-tools/adb -P 5037 -s 98897a304a4c415157 shell getprop ro.build.version.release'
2022-08-08 19:24:01:736 [ADB] Current device property 'ro.build.version.release': 9
2022-08-08 19:24:01:737 [ADB] Device API level: 28
2022-08-08 19:24:01:737 [UiAutomator2] Relaxing hidden api policy
2022-08-08 19:24:01:737 [ADB] Running '/Users/testadmin/Library/Android/sdk/platform-tools/adb -P 5037 -s 98897a304a4c415157 shell 'settings put global hidden_api_policy_pre_p_apps 1;settings put global hidden_api_policy_p_apps 1;settings put global hidden_api_policy 1''
2022-08-08 19:24:01:962 [AndroidDriver] No app sent in, not parsing package/activity
2022-08-08 19:24:01:962 [ADB] Running '/Users/testadmin/Library/Android/sdk/platform-tools/adb -P 5037 -s 98897a304a4c415157 wait-for-device'
2022-08-08 19:24:01:980 [ADB] Running '/Users/testadmin/Library/Android/sdk/platform-tools/adb -P 5037 -s 98897a304a4c415157 shell echo ping'
2022-08-08 19:24:02:034 [AndroidDriver] Pushing settings apk to device...
2022-08-08 19:24:02:035 [ADB] Getting install status for io.appium.settings
2022-08-08 19:24:02:035 [ADB] Running '/Users/testadmin/Library/Android/sdk/platform-tools/adb -P 5037 -s 98897a304a4c415157 shell dumpsys package io.appium.settings'
2022-08-08 19:24:02:140 [ADB] 'io.appium.settings' is installed
2022-08-08 19:24:02:140 [ADB] Getting package info for 'io.appium.settings'
2022-08-08 19:24:02:140 [ADB] Running '/Users/testadmin/Library/Android/sdk/platform-tools/adb -P 5037 -s 98897a304a4c415157 shell dumpsys package io.appium.settings'
2022-08-08 19:24:02:252 [ADB] The version name of the installed 'io.appium.settings' is greater or equal to the application version name ('3.4.0' >= '3.4.0')
2022-08-08 19:24:02:252 [ADB] There is no need to install/upgrade '/usr/local/lib/node_modules/appium/node_modules/io.appium.settings/apks/settings_apk-debug.apk'
2022-08-08 19:24:02:253 [ADB] Getting IDs of all 'io.appium.settings' processes
2022-08-08 19:24:02:253 [ADB] Running '/Users/testadmin/Library/Android/sdk/platform-tools/adb -P 5037 -s 98897a304a4c415157 shell 'pgrep --help; echo $?''
2022-08-08 19:24:02:332 [ADB] Running '/Users/testadmin/Library/Android/sdk/platform-tools/adb -P 5037 -s 98897a304a4c415157 shell pgrep -f \(\[\[:blank:\]\]\|\^\)io\.appium\.settings\(\[\[:blank:\]\]\|\$\)'
2022-08-08 19:24:02:492 [AndroidDriver] io.appium.settings is already running. There is no need to reset its permissions.
2022-08-08 19:24:02:493 [ADB] Running '/Users/testadmin/Library/Android/sdk/platform-tools/adb -P 5037 -s 98897a304a4c415157 shell appops set io.appium.settings android:mock_location allow'
2022-08-08 19:24:02:599 [Logcat] Starting logs capture with command: /Users/testadmin/Library/Android/sdk/platform-tools/adb -P 5037 -s 98897a304a4c415157 logcat -v threadtime
2022-08-08 19:24:02:662 [UiAutomator2] Forwarding UiAutomator2 Server port 6790 to local port 8200
2022-08-08 19:24:02:663 [ADB] Forwarding system: 8200 to device: 6790
2022-08-08 19:24:02:663 [ADB] Running '/Users/testadmin/Library/Android/sdk/platform-tools/adb -P 5037 -s 98897a304a4c415157 forward tcp:8200 tcp:6790'
2022-08-08 19:24:02:686 [ADB] Getting install status for io.appium.uiautomator2.server
2022-08-08 19:24:02:687 [ADB] Running '/Users/testadmin/Library/Android/sdk/platform-tools/adb -P 5037 -s 98897a304a4c415157 shell dumpsys package io.appium.uiautomator2.server'
2022-08-08 19:24:02:792 [ADB] 'io.appium.uiautomator2.server' is installed
2022-08-08 19:24:02:792 [ADB] Getting package info for 'io.appium.uiautomator2.server'
2022-08-08 19:24:02:792 [ADB] Running '/Users/testadmin/Library/Android/sdk/platform-tools/adb -P 5037 -s 98897a304a4c415157 shell dumpsys package io.appium.uiautomator2.server'
2022-08-08 19:24:03:048 [ADB] The version name of the installed 'io.appium.uiautomator2.server' is greater or equal to the application version name ('4.27.0' >= '4.27.0')
2022-08-08 19:24:03:048 [UiAutomator2] io.appium.uiautomator2.server installation state: sameVersionInstalled
2022-08-08 19:24:03:049 [ADB] Checking app cert for /usr/local/lib/node_modules/appium/node_modules/appium-uiautomator2-server/apks/appium-uiautomator2-server-v4.27.0.apk
2022-08-08 19:24:03:076 [ADB] Using 'apksigner.jar' from '/Users/testadmin/Library/Android/sdk/build-tools/32.0.0/lib/apksigner.jar'
2022-08-08 19:24:03:077 [ADB] Starting apksigner: /Library/Java/JavaVirtualMachines/adoptopenjdk-8.jdk/Contents/Home/bin/java -Xmx1024M -Xss1m -jar /Users/testadmin/Library/Android/sdk/build-tools/32.0.0/lib/apksigner.jar verify --print-certs /usr/local/lib/node_modules/appium/node_modules/appium-uiautomator2-server/apks/appium-uiautomator2-server-v4.27.0.apk
2022-08-08 19:24:03:835 [ADB] apksigner stdout: Signer #1 certificate DN: EMAILADDRESS=android@android.com, CN=Android, OU=Android, O=Android, L=Mountain View, ST=California, C=US
2022-08-08 19:24:03:835 [ADB] Signer #1 certificate SHA-256 digest: a40da80a59d170caa950cf15c18c454d47a39b26989d8b640ecd745ba71bf5dc
2022-08-08 19:24:03:836 [ADB] Signer #1 certificate SHA-1 digest: 61ed377e85d386a8dfee6b864bd85b0bfaa5af81
2022-08-08 19:24:03:836 [ADB] Signer #1 certificate MD5 digest: e89b158e4bcf988ebd09eb83f5378e87
2022-08-08 19:24:03:836 [ADB] 
2022-08-08 19:24:03:836 [ADB] sha256 hash did match for 'appium-uiautomator2-server-v4.27.0.apk'
2022-08-08 19:24:03:836 [ADB] '/usr/local/lib/node_modules/appium/node_modules/appium-uiautomator2-server/apks/appium-uiautomator2-server-v4.27.0.apk' is signed with the default certificate
2022-08-08 19:24:03:836 [ADB] Getting install status for io.appium.uiautomator2.server.test
2022-08-08 19:24:03:836 [ADB] Running '/Users/testadmin/Library/Android/sdk/platform-tools/adb -P 5037 -s 98897a304a4c415157 shell dumpsys package io.appium.uiautomator2.server.test'
2022-08-08 19:24:03:928 [ADB] 'io.appium.uiautomator2.server.test' is installed
2022-08-08 19:24:03:928 [ADB] Checking app cert for /usr/local/lib/node_modules/appium/node_modules/appium-uiautomator2-server/apks/appium-uiautomator2-server-debug-androidTest.apk
2022-08-08 19:24:03:931 [ADB] Starting apksigner: /Library/Java/JavaVirtualMachines/adoptopenjdk-8.jdk/Contents/Home/bin/java -Xmx1024M -Xss1m -jar /Users/testadmin/Library/Android/sdk/build-tools/32.0.0/lib/apksigner.jar verify --print-certs /usr/local/lib/node_modules/appium/node_modules/appium-uiautomator2-server/apks/appium-uiautomator2-server-debug-androidTest.apk
2022-08-08 19:24:04:236 [ADB] apksigner stdout: Signer #1 certificate DN: EMAILADDRESS=android@android.com, CN=Android, OU=Android, O=Android, L=Mountain View, ST=California, C=US
2022-08-08 19:24:04:236 [ADB] Signer #1 certificate SHA-256 digest: a40da80a59d170caa950cf15c18c454d47a39b26989d8b640ecd745ba71bf5dc
2022-08-08 19:24:04:236 [ADB] Signer #1 certificate SHA-1 digest: 61ed377e85d386a8dfee6b864bd85b0bfaa5af81
2022-08-08 19:24:04:236 [ADB] Signer #1 certificate MD5 digest: e89b158e4bcf988ebd09eb83f5378e87
2022-08-08 19:24:04:236 [ADB] 
2022-08-08 19:24:04:236 [ADB] sha256 hash did match for 'appium-uiautomator2-server-debug-androidTest.apk'
2022-08-08 19:24:04:236 [ADB] '/usr/local/lib/node_modules/appium/node_modules/appium-uiautomator2-server/apks/appium-uiautomator2-server-debug-androidTest.apk' is signed with the default certificate
2022-08-08 19:24:04:236 [UiAutomator2] Server packages are not going to be (re)installed
2022-08-08 19:24:04:238 [UiAutomator2] Waiting up to 30000ms for services to be available
2022-08-08 19:24:04:238 [ADB] Running '/Users/testadmin/Library/Android/sdk/platform-tools/adb -P 5037 -s 98897a304a4c415157 shell pm list instrumentation'
2022-08-08 19:24:04:336 [UiAutomator2] Instrumentation target 'io.appium.uiautomator2.server.test/androidx.test.runner.AndroidJUnitRunner' is available
2022-08-08 19:24:04:339 [ADB] Adding packages ["io.appium.settings","io.appium.uiautomator2.server","io.appium.uiautomator2.server.test"] to Doze whitelist
2022-08-08 19:24:04:339 [ADB] Got the following command chunks to execute: [["dumpsys","deviceidle","whitelist","+io.appium.settings",";","dumpsys","deviceidle","whitelist","+io.appium.uiautomator2.server",";","dumpsys","deviceidle","whitelist","+io.appium.uiautomator2.server.test",";"]]
2022-08-08 19:24:04:339 [ADB] Running '/Users/testadmin/Library/Android/sdk/platform-tools/adb -P 5037 -s 98897a304a4c415157 shell dumpsys deviceidle whitelist +io.appium.settings ; dumpsys deviceidle whitelist +io.appium.uiautomator2.server ; dumpsys deviceidle whitelist +io.appium.uiautomator2.server.test ;'
2022-08-08 19:24:04:490 [UiAutomator2] No app capability. Assuming it is already on the device
2022-08-08 19:24:04:490 [UiAutomator2] Performing shallow cleanup of automation leftovers
2022-08-08 19:24:04:500 [UiAutomator2] No obsolete sessions have been detected (socket hang up)
2022-08-08 19:24:04:501 [ADB] Running '/Users/testadmin/Library/Android/sdk/platform-tools/adb -P 5037 -s 98897a304a4c415157 shell am force-stop io.appium.uiautomator2.server.test'
2022-08-08 19:24:04:597 [UiAutomator2] Starting UIAutomator2 server 4.27.0
2022-08-08 19:24:04:597 [UiAutomator2] Using UIAutomator2 server from '/usr/local/lib/node_modules/appium/node_modules/appium-uiautomator2-server/apks/appium-uiautomator2-server-v4.27.0.apk' and test from '/usr/local/lib/node_modules/appium/node_modules/appium-uiautomator2-server/apks/appium-uiautomator2-server-debug-androidTest.apk'
2022-08-08 19:24:04:597 [UiAutomator2] Waiting up to 30000ms for UiAutomator2 to be online...
2022-08-08 19:24:04:598 [ADB] Creating ADB subprocess with args: ["-P",5037,"-s","98897a304a4c415157","shell","am","instrument","-w","-e","disableAnalytics",true,"io.appium.uiautomator2.server.test/androidx.test.runner.AndroidJUnitRunner"]
2022-08-08 19:24:04:608 [WD Proxy] Matched '/status' to command name 'getStatus'
2022-08-08 19:24:04:609 [WD Proxy] Proxying [GET /status] to [GET http://127.0.0.1:8200/wd/hub/status] with no body
2022-08-08 19:24:04:614 [WD Proxy] socket hang up
2022-08-08 19:24:05:616 [WD Proxy] Matched '/status' to command name 'getStatus'
2022-08-08 19:24:05:616 [WD Proxy] Proxying [GET /status] to [GET http://127.0.0.1:8200/wd/hub/status] with no body
2022-08-08 19:24:05:624 [WD Proxy] socket hang up
2022-08-08 19:24:06:625 [WD Proxy] Matched '/status' to command name 'getStatus'
2022-08-08 19:24:06:625 [WD Proxy] Proxying [GET /status] to [GET http://127.0.0.1:8200/wd/hub/status] with no body
2022-08-08 19:24:06:633 [WD Proxy] socket hang up
2022-08-08 19:24:06:669 [Instrumentation] io.appium.uiautomator2.server.test.AppiumUiAutomator2Server:
2022-08-08 19:24:07:635 [WD Proxy] Matched '/status' to command name 'getStatus'
2022-08-08 19:24:07:635 [WD Proxy] Proxying [GET /status] to [GET http://127.0.0.1:8200/wd/hub/status] with no body
2022-08-08 19:24:07:645 [WD Proxy] socket hang up
2022-08-08 19:24:08:648 [WD Proxy] Matched '/status' to command name 'getStatus'
2022-08-08 19:24:08:648 [WD Proxy] Proxying [GET /status] to [GET http://127.0.0.1:8200/wd/hub/status] with no body
2022-08-08 19:24:08:783 [WD Proxy] Got response with status 200: {"sessionId":"None","value":{"message":"UiAutomator2 Server is ready to accept commands","ready":true}}
2022-08-08 19:24:08:784 [UiAutomator2] The initialization of the instrumentation process took 4187ms
2022-08-08 19:24:08:784 [WD Proxy] Matched '/session' to command name 'createSession'
2022-08-08 19:24:08:785 [WD Proxy] Proxying [POST /session] to [POST http://127.0.0.1:8200/wd/hub/session] with body: {"capabilities":{"firstMatch":[{"platform":"LINUX","webStorageEnabled":false,"takesScreenshot":true,"javascriptEnabled":true,"databaseEnabled":false,"networkConnectionEnabled":true,"locationContextEnabled":false,"warnings":{},"desired":{"platformName":"android","appActivity":"ConversationListActivityGmail","appPackage":"com.google.android.gm","automationName":"UIAutomator2","newCommandTimeout":10000,"noReset":true,"udid":"98897a304a4c415157"},"platformName":"android","appActivity":"ConversationListActivityGmail","appPackage":"com.google.android.gm","automationName":"UIAutomator2","newCommandTimeout":10000,"noReset":true,"udid":"98897a304a4c415157","deviceName":"98897a304a4c415157","deviceUDID":"98897a304a4c415157"}],"alwaysMatch":{}}}
2022-08-08 19:24:08:844 [WD Proxy] Got response with status 200: {"sessionId":"f1b12c8c-61fb-4ce4-8f22-4c3014782df4","value":{"capabilities":{"firstMatch":[{"platform":"LINUX","webStorageEnabled":false,"takesScreenshot":true,"javascriptEnabled":true,"databaseEnabled":false,"networkConnectionEnabled":true,"locationContextEnabled":false,"warnings":{},"desired":{"platformName":"android","appActivity":"ConversationListActivityGmail","appPackage":"com.google.android.gm","automationName":"UIAutomator2","newCommandTimeout":10000,"noReset":true,"udid":"98897a304a4c415157"},"platformName":"android","appActivity":"ConversationListActivityGmail","appPackage":"com.google.android.gm","automationName":"UIAutomator2","newCommandTimeout":10000,"noReset":true,"udid":"98897a304a4c415157","deviceName":"98897a304a4c415157","deviceUDID":"98897a304a4c415157"}],"alwaysMatch":{}},"sessionId":"f1b12c8c-61fb-4ce4-8f22-4c3014782df4"}}
2022-08-08 19:24:08:844 [WD Proxy] Determined the downstream protocol as 'W3C'
2022-08-08 19:24:08:855 [WD Proxy] Proxying [GET /appium/device/info] to [GET http://127.0.0.1:8200/wd/hub/session/f1b12c8c-61fb-4ce4-8f22-4c3014782df4/appium/device/info] with no body
2022-08-08 19:24:08:931 [WD Proxy] Got response with status 200: {"sessionId":"f1b12c8c-61fb-4ce4-8f22-4c3014782df4","value":{"androidId":"ef0777953ea7a392","apiVersion":"28","bluetooth":{"state":"ON"},"brand":"samsung","carrierName":"","displayDensity":480,"locale":"en_US","manufacturer":"samsung","model":"SM-G950U1","networks":[{"capabilities":{"SSID":null,"linkDownBandwidthKbps":1048576,"linkUpstreamBandwidthKbps":1048576,"networkCapabilities":"NET_CAPABILITY_WIFI_P2P,NET_CAPABILITY_NOT_RESTRICTED,NET_CAPABILITY_TRUSTED,NET_CAPABILITY_NOT_VPN,NET_CAPABILITY_FOREGROUND,NET_CAPABILITY_NOT_SUSPENDED","signalStrength":-2147483648,"transportTypes":"TRANSPORT_WIFI"},"detailedState":"DISCONNECTED","extraInfo":null,"isAvailable":true,"isConnected":false,"isFailover":false,"isRoaming":false,"state":"DISCONNECTED","subtype":0,"subtypeName":"","type":13,"typeName":"WIFI_P2P"},{"capabilities":{"SSID":null,"linkDownBandwidthKbps":1048576,"linkUpstreamBandwidthKbps":1048576,"networkCapabilities":"NET_CAPABILITY_NOT_METERED,NET_CAPABILITY_INTERNET,NET_CAPABILITY_NOT_RESTRICTED,NET_...
2022-08-08 19:24:08:933 [ADB] Running '/Users/testadmin/Library/Android/sdk/platform-tools/adb -P 5037 -s 98897a304a4c415157 shell dumpsys window'
2022-08-08 19:24:09:094 [AndroidDriver] Screen already unlocked, doing nothing
2022-08-08 19:24:09:094 [UiAutomator2] Starting 'com.google.android.gm/ConversationListActivityGmail and waiting for 'com.google.android.gm/ConversationListActivityGmail'
2022-08-08 19:24:09:095 [ADB] Running '/Users/testadmin/Library/Android/sdk/platform-tools/adb -P 5037 -s 98897a304a4c415157 shell am start -W -n com.google.android.gm/ConversationListActivityGmail -S -a android.intent.action.MAIN -c android.intent.category.LAUNCHER -f 0x10200000'
2022-08-08 19:24:09:464 [ADB] We tried to start an activity that doesn't exist, retrying with '.ConversationListActivityGmail' activity name
2022-08-08 19:24:09:464 [ADB] Running '/Users/testadmin/Library/Android/sdk/platform-tools/adb -P 5037 -s 98897a304a4c415157 shell am start -W -n com.google.android.gm/.ConversationListActivityGmail -S -a android.intent.action.MAIN -c android.intent.category.LAUNCHER -f 0x10200000'
2022-08-08 19:24:10:718 [WD Proxy] Proxying [GET /appium/device/pixel_ratio] to [GET http://127.0.0.1:8200/wd/hub/session/f1b12c8c-61fb-4ce4-8f22-4c3014782df4/appium/device/pixel_ratio] with no body
2022-08-08 19:24:10:741 [WD Proxy] Got response with status 200: {"sessionId":"f1b12c8c-61fb-4ce4-8f22-4c3014782df4","value":3}
2022-08-08 19:24:10:742 [WD Proxy] Matched '/appium/device/system_bars' to command name 'getSystemBars'
2022-08-08 19:24:10:743 [WD Proxy] Proxying [GET /appium/device/system_bars] to [GET http://127.0.0.1:8200/wd/hub/session/f1b12c8c-61fb-4ce4-8f22-4c3014782df4/appium/device/system_bars] with no body
2022-08-08 19:24:10:766 [WD Proxy] Got response with status 200: {"sessionId":"f1b12c8c-61fb-4ce4-8f22-4c3014782df4","value":{"statusBar":72}}
2022-08-08 19:24:10:766 [WD Proxy] Matched '/window/current/size' to command name 'getWindowSize'
2022-08-08 19:24:10:767 [WD Proxy] Proxying [GET /window/current/size] to [GET http://127.0.0.1:8200/wd/hub/session/f1b12c8c-61fb-4ce4-8f22-4c3014782df4/window/current/size] with no body
2022-08-08 19:24:10:790 [WD Proxy] Got response with status 200: {"sessionId":"f1b12c8c-61fb-4ce4-8f22-4c3014782df4","value":{"height":2076,"width":1080}}
2022-08-08 19:24:10:790 [Appium] New AndroidUiautomator2Driver session created successfully, session cfdbcc46-ad1b-4485-adca-230e78d6e942 added to master session list
2022-08-08 19:24:10:791 [BaseDriver] Event 'newSessionStarted' logged at 1659986650791 (22:24:10 GMT+0300 (Moscow Standard Time))
2022-08-08 19:24:10:791 [W3C (cfdbcc46)] Cached the protocol value 'W3C' for the new session cfdbcc46-ad1b-4485-adca-230e78d6e942
2022-08-08 19:24:10:792 [W3C (cfdbcc46)] Responding to client with driver.createSession() result: {"capabilities":{"platform":"LINUX","webStorageEnabled":false,"takesScreenshot":true,"javascriptEnabled":true,"databaseEnabled":false,"networkConnectionEnabled":true,"locationContextEnabled":false,"warnings":{},"desired":{"platformName":"android","appActivity":"ConversationListActivityGmail","appPackage":"com.google.android.gm","automationName":"UIAutomator2","newCommandTimeout":10000,"noReset":true,"udid":"98897a304a4c415157"},"platformName":"android","appActivity":"ConversationListActivityGmail","appPackage":"com.google.android.gm","automationName":"UIAutomator2","newCommandTimeout":10000,"noReset":true,"udid":"98897a304a4c415157","deviceName":"98897a304a4c415157","deviceUDID":"98897a304a4c415157","deviceApiLevel":28,"platformVersion":"9","deviceScreenSize":"1080x2220","deviceScreenDensity":480,"deviceModel":"SM-G950U1","deviceManufacturer":"samsung","pixelRatio":3,"statBarHeight":72,"viewportRect":{"left":0,"top":72,"width":1080,"height":2004}}}
2022-08-08 19:24:10:795 [HTTP] <-- POST /wd/hub/session 200 9794 ms - 1023
2022-08-08 19:24:10:795 [HTTP] 
2022-08-08 19:24:10:942 [HTTP] --> POST /wd/hub/session/cfdbcc46-ad1b-4485-adca-230e78d6e942/elements
2022-08-08 19:24:10:942 [HTTP] {"using":"id","value":"compose_button"}
2022-08-08 19:24:10:945 [W3C (cfdbcc46)] Calling AppiumDriver.findElements() with args: ["id","compose_button","cfdbcc46-ad1b-4485-adca-230e78d6e942"]
2022-08-08 19:24:10:946 [BaseDriver] Valid locator strategies for this request: xpath, id, class name, accessibility id, css selector, -android uiautomator
2022-08-08 19:24:10:946 [BaseDriver] Waiting up to 0 ms for condition
2022-08-08 19:24:10:947 [WD Proxy] Matched '/elements' to command name 'findElements'
2022-08-08 19:24:10:947 [WD Proxy] Proxying [POST /elements] to [POST http://127.0.0.1:8200/wd/hub/session/f1b12c8c-61fb-4ce4-8f22-4c3014782df4/elements] with body: {"strategy":"id","selector":"compose_button","context":"","multiple":true}
